android/app/build/intermediates/manifest_merge_blame_file/debug/processDebugMainManifest/manifest-merger-blame-debug-report.txt
1<?xml version="1.0" encoding="utf-8"?>
2<manifest xmlns:android="http://schemas.android.com/apk/res/android"
3    package="com.example.pokemon_ui"
4    android:versionCode="1"
5    android:versionName="1.0.0" >
6
7    <uses-sdk
8        android:minSdkVersion="24"
9        android:targetSdkVersion="35" />
10    <!--
11         The INTERNET permission is required for development. Specifically,
12         the Flutter tool needs it to communicate with the running application
13         to allow setting breakpoints, to provide hot reload, etc.
14    -->
15    <uses-permission android:name="android.permission.INTERNET" />
15-->src\debug\AndroidManifest.xml:6:5-66
15-->src\debug\AndroidManifest.xml:6:22-64
16    <!--
17     Required to query activities that can process text, see:
18         https://developer.android.com/training/package-visibility and
19         https://developer.android.com/reference/android/content/Intent#ACTION_PROCESS_TEXT.
20
21         In particular, this is used by the Flutter engine in io.flutter.plugin.text.ProcessTextPlugin.
22    -->
23    <queries>
23-->src\main\AndroidManifest.xml:39:5-44:15
24        <intent>
24-->src\main\AndroidManifest.xml:40:9-43:18
25            <action android:name="android.intent.action.PROCESS_TEXT" />
25-->src\main\AndroidManifest.xml:41:13-72
25-->src\main\AndroidManifest.xml:41:21-70
26
27            <data android:mimeType="text/plain" />
27-->src\main\AndroidManifest.xml:42:13-50
27-->src\main\AndroidManifest.xml:42:19-48
28        </intent>
29    </queries>
30
31    <uses-permission android:name="android.permission.ACCESS_NETWORK_STATE" />
31-->[com.google.firebase:firebase-auth:24.0.0] AndroidManifest.xml:26:5-79
31-->[com.google.firebase:firebase-auth:24.0.0] AndroidManifest.xml:26:22-76
32    <uses-permission android:name="android.permission.USE_BIOMETRIC" /> <!-- suppress DeprecatedClassUsageInspection -->
32-->[androidx.biometric:biometric:1.1.0] AndroidManifest.xml:24:5-72
32-->[androidx.biometric:biometric:1.1.0] AndroidManifest.xml:24:22-69
33    <uses-permission android:name="android.permission.USE_FINGERPRINT" />
33-->[androidx.biometric:biometric:1.1.0] AndroidManifest.xml:27:5-74
33-->[androidx.biometric:biometric:1.1.0] AndroidManifest.xml:27:22-71
34    <uses-permission android:name="com.google.android.providers.gsf.permission.READ_GSERVICES" />
34-->[com.google.android.recaptcha:recaptcha:18.6.1] AndroidManifest.xml:9:5-98
34-->[com.google.android.recaptcha:recaptcha:18.6.1] AndroidManifest.xml:9:22-95
35
36    <permission
36-->[androidx.core:core:1.15.0] AndroidManifest.xml:22:5-24:47
37        android:name="com.example.pokemon_ui.DYNAMIC_RECEIVER_NOT_EXPORTED_PERMISSION"
37-->[androidx.core:core:1.15.0] AndroidManifest.xml:23:9-81
38        android:protectionLevel="signature" />
38-->[androidx.core:core:1.15.0] AndroidManifest.xml:24:9-44
39
40    <uses-permission android:name="com.example.pokemon_ui.DYNAMIC_RECEIVER_NOT_EXPORTED_PERMISSION" />
40-->[androidx.core:core:1.15.0] AndroidManifest.xml:26:5-97
40-->[androidx.core:core:1.15.0] AndroidManifest.xml:26:22-94
41
42    <application
43        android:name="android.app.Application"
44        android:appComponentFactory="androidx.core.app.CoreComponentFactory"
44-->[androidx.core:core:1.15.0] AndroidManifest.xml:28:18-86
45        android:debuggable="true"
46        android:extractNativeLibs="false"
47        android:icon="@mipmap/ic_launcher"
48        android:label="pokemon_ui" >
49        <activity
50            android:name="com.example.pokemon_ui.MainActivity"
51            android:configChanges="orientation|keyboardHidden|keyboard|screenSize|smallestScreenSize|locale|layoutDirection|fontScale|screenLayout|density|uiMode"
52            android:exported="true"
53            android:hardwareAccelerated="true"
54            android:launchMode="singleTop"
55            android:taskAffinity=""
56            android:theme="@style/LaunchTheme"
57            android:windowSoftInputMode="adjustResize" >
58
59            <!--
60                 Specifies an Android theme to apply to this Activity as soon as
61                 the Android process has started. This theme is visible to the user
62                 while the Flutter UI initializes. After that, this theme continues
63                 to determine the Window background behind the Flutter UI.
64            -->
65            <meta-data
66                android:name="io.flutter.embedding.android.NormalTheme"
67                android:resource="@style/NormalTheme" />
68
69            <intent-filter>
70                <action android:name="android.intent.action.MAIN" />
71
72                <category android:name="android.intent.category.LAUNCHER" />
73            </intent-filter>
74        </activity>
75        <!--
76             Don't delete the meta-data below.
77             This is used by the Flutter tool to generate GeneratedPluginRegistrant.java
78        -->
79        <meta-data
80            android:name="flutterEmbedding"
81            android:value="2" />
82
83        <service
83-->[:firebase_auth] AndroidManifest.xml:8:9-12:19
84            android:name="com.google.firebase.components.ComponentDiscoveryService"
84-->[:firebase_auth] AndroidManifest.xml:8:18-89
85            android:directBootAware="true"
85-->[com.google.firebase:firebase-common:22.0.0] AndroidManifest.xml:32:13-43
86            android:exported="false" >
86-->[com.google.firebase:firebase-auth:24.0.0] AndroidManifest.xml:68:13-37
87            <meta-data
87-->[:firebase_auth] AndroidManifest.xml:9:13-11:85
88                android:name="com.google.firebase.components:io.flutter.plugins.firebase.auth.FlutterFirebaseAuthRegistrar"
88-->[:firebase_auth] AndroidManifest.xml:10:17-124
89                android:value="com.google.firebase.components.ComponentRegistrar" />
89-->[:firebase_auth] AndroidManifest.xml:11:17-82
90            <meta-data
90-->[:cloud_firestore] AndroidManifest.xml:9:13-11:85
91                android:name="com.google.firebase.components:io.flutter.plugins.firebase.firestore.FlutterFirebaseFirestoreRegistrar"
91-->[:cloud_firestore] AndroidManifest.xml:10:17-134
92                android:value="com.google.firebase.components.ComponentRegistrar" />
92-->[:cloud_firestore] AndroidManifest.xml:11:17-82
93            <meta-data
93-->[:firebase_storage] AndroidManifest.xml:9:13-11:85
94                android:name="com.google.firebase.components:io.flutter.plugins.firebase.storage.FlutterFirebaseAppRegistrar"
94-->[:firebase_storage] AndroidManifest.xml:10:17-126
95                android:value="com.google.firebase.components.ComponentRegistrar" />
95-->[:firebase_storage] AndroidManifest.xml:11:17-82
96            <meta-data
96-->[:firebase_core] AndroidManifest.xml:9:13-11:85
97                android:name="com.google.firebase.components:io.flutter.plugins.firebase.core.FlutterFirebaseCoreRegistrar"
97-->[:firebase_core] AndroidManifest.xml:10:17-124
98                android:value="com.google.firebase.components.ComponentRegistrar" />
98-->[:firebase_core] AndroidManifest.xml:11:17-82
99            <meta-data
99-->[com.google.firebase:firebase-auth:24.0.0] AndroidManifest.xml:69:13-71:85
100                android:name="com.google.firebase.components:com.google.firebase.auth.FirebaseAuthRegistrar"
100-->[com.google.firebase:firebase-auth:24.0.0] AndroidManifest.xml:70:17-109
101                android:value="com.google.firebase.components.ComponentRegistrar" />
101-->[com.google.firebase:firebase-auth:24.0.0] AndroidManifest.xml:71:17-82
102            <meta-data
102-->[com.google.firebase:firebase-firestore:26.0.0] AndroidManifest.xml:17:13-19:85
103                android:name="com.google.firebase.components:com.google.firebase.firestore.FirebaseFirestoreKtxRegistrar"
103-->[com.google.firebase:firebase-firestore:26.0.0] AndroidManifest.xml:18:17-122
104                android:value="com.google.firebase.components.ComponentRegistrar" />
104-->[com.google.firebase:firebase-firestore:26.0.0] AndroidManifest.xml:19:17-82
105            <meta-data
105-->[com.google.firebase:firebase-firestore:26.0.0] AndroidManifest.xml:20:13-22:85
106                android:name="com.google.firebase.components:com.google.firebase.firestore.FirestoreRegistrar"
106-->[com.google.firebase:firebase-firestore:26.0.0] AndroidManifest.xml:21:17-111
107                android:value="com.google.firebase.components.ComponentRegistrar" />
107-->[com.google.firebase:firebase-firestore:26.0.0] AndroidManifest.xml:22:17-82
108            <meta-data
108-->[com.google.firebase:firebase-storage:22.0.0] AndroidManifest.xml:30:13-32:85
109                android:name="com.google.firebase.components:com.google.firebase.storage.FirebaseStorageKtxRegistrar"
109-->[com.google.firebase:firebase-storage:22.0.0] AndroidManifest.xml:31:17-118
110                android:value="com.google.firebase.components.ComponentRegistrar" />
110-->[com.google.firebase:firebase-storage:22.0.0] AndroidManifest.xml:32:17-82
111            <meta-data
111-->[com.google.firebase:firebase-storage:22.0.0] AndroidManifest.xml:33:13-35:85
112                android:name="com.google.firebase.components:com.google.firebase.storage.StorageRegistrar"
112-->[com.google.firebase:firebase-storage:22.0.0] AndroidManifest.xml:34:17-107
113                android:value="com.google.firebase.components.ComponentRegistrar" />
113-->[com.google.firebase:firebase-storage:22.0.0] AndroidManifest.xml:35:17-82
114            <meta-data
114-->[com.google.firebase:firebase-appcheck:19.0.0] AndroidManifest.xml:25:13-27:85
115                android:name="com.google.firebase.components:com.google.firebase.appcheck.FirebaseAppCheckKtxRegistrar"
115-->[com.google.firebase:firebase-appcheck:19.0.0] AndroidManifest.xml:26:17-120
116                android:value="com.google.firebase.components.ComponentRegistrar" />
116-->[com.google.firebase:firebase-appcheck:19.0.0] AndroidManifest.xml:27:17-82
117            <meta-data
117-->[com.google.firebase:firebase-appcheck:19.0.0] AndroidManifest.xml:28:13-30:85
118                android:name="com.google.firebase.components:com.google.firebase.appcheck.FirebaseAppCheckRegistrar"
118-->[com.google.firebase:firebase-appcheck:19.0.0] AndroidManifest.xml:29:17-117
119                android:value="com.google.firebase.components.ComponentRegistrar" />
119-->[com.google.firebase:firebase-appcheck:19.0.0] AndroidManifest.xml:30:17-82
120            <meta-data
120-->[com.google.firebase:firebase-common:22.0.0] AndroidManifest.xml:35:13-37:85
121                android:name="com.google.firebase.components:com.google.firebase.FirebaseCommonKtxRegistrar"
121-->[com.google.firebase:firebase-common:22.0.0] AndroidManifest.xml:36:17-109
122                android:value="com.google.firebase.components.ComponentRegistrar" />
122-->[com.google.firebase:firebase-common:22.0.0] AndroidManifest.xml:37:17-82
123        </service>
124
125        <activity
125-->[com.google.firebase:firebase-auth:24.0.0] AndroidManifest.xml:29:9-46:20
126            android:name="com.google.firebase.auth.internal.GenericIdpActivity"
126-->[com.google.firebase:firebase-auth:24.0.0] AndroidManifest.xml:30:13-80
127            android:excludeFromRecents="true"
127-->[com.google.firebase:firebase-auth:24.0.0] AndroidManifest.xml:31:13-46
128            android:exported="true"
128-->[com.google.firebase:firebase-auth:24.0.0] AndroidManifest.xml:32:13-36
129            android:launchMode="singleTask"
129-->[com.google.firebase:firebase-auth:24.0.0] AndroidManifest.xml:33:13-44
130            android:theme="@android:style/Theme.Translucent.NoTitleBar" >
130-->[com.google.firebase:firebase-auth:24.0.0] AndroidManifest.xml:34:13-72
131            <intent-filter>
131-->[com.google.firebase:firebase-auth:24.0.0] AndroidManifest.xml:35:13-45:29
132                <action android:name="android.intent.action.VIEW" />
132-->[com.google.firebase:firebase-auth:24.0.0] AndroidManifest.xml:36:17-69
132-->[com.google.firebase:firebase-auth:24.0.0] AndroidManifest.xml:36:25-66
133
134                <category android:name="android.intent.category.DEFAULT" />
134-->[com.google.firebase:firebase-auth:24.0.0] AndroidManifest.xml:38:17-76
134-->[com.google.firebase:firebase-auth:24.0.0] AndroidManifest.xml:38:27-73
135                <category android:name="android.intent.category.BROWSABLE" />
135-->[com.google.firebase:firebase-auth:24.0.0] AndroidManifest.xml:39:17-78
135-->[com.google.firebase:firebase-auth:24.0.0] AndroidManifest.xml:39:27-75
136
137                <data
137-->src\main\AndroidManifest.xml:42:13-50
138                    android:host="firebase.auth"
139                    android:path="/"
140                    android:scheme="genericidp" />
141            </intent-filter>
142        </activity>
143        <activity
143-->[com.google.firebase:firebase-auth:24.0.0] AndroidManifest.xml:47:9-64:20
144            android:name="com.google.firebase.auth.internal.RecaptchaActivity"
144-->[com.google.firebase:firebase-auth:24.0.0] AndroidManifest.xml:48:13-79
145            android:excludeFromRecents="true"
145-->[com.google.firebase:firebase-auth:24.0.0] AndroidManifest.xml:49:13-46
146            android:exported="true"
146-->[com.google.firebase:firebase-auth:24.0.0] AndroidManifest.xml:50:13-36
147            android:launchMode="singleTask"
147-->[com.google.firebase:firebase-auth:24.0.0] AndroidManifest.xml:51:13-44
148            android:theme="@android:style/Theme.Translucent.NoTitleBar" >
148-->[com.google.firebase:firebase-auth:24.0.0] AndroidManifest.xml:52:13-72
149            <intent-filter>
149-->[com.google.firebase:firebase-auth:24.0.0] AndroidManifest.xml:53:13-63:29
150                <action android:name="android.intent.action.VIEW" />
150-->[com.google.firebase:firebase-auth:24.0.0] AndroidManifest.xml:36:17-69
150-->[com.google.firebase:firebase-auth:24.0.0] AndroidManifest.xml:36:25-66
151
152                <category android:name="android.intent.category.DEFAULT" />
152-->[com.google.firebase:firebase-auth:24.0.0] AndroidManifest.xml:38:17-76
152-->[com.google.firebase:firebase-auth:24.0.0] AndroidManifest.xml:38:27-73
153                <category android:name="android.intent.category.BROWSABLE" />
153-->[com.google.firebase:firebase-auth:24.0.0] AndroidManifest.xml:39:17-78
153-->[com.google.firebase:firebase-auth:24.0.0] AndroidManifest.xml:39:27-75
154
155                <data
155-->src\main\AndroidManifest.xml:42:13-50
156                    android:host="firebase.auth"
157                    android:path="/"
158                    android:scheme="recaptcha" />
159            </intent-filter>
160        </activity>
161
162        <service
162-->[androidx.credentials:credentials-play-services-auth:1.5.0] AndroidManifest.xml:24:9-32:19
163            android:name="androidx.credentials.playservices.CredentialProviderMetadataHolder"
163-->[androidx.credentials:credentials-play-services-auth:1.5.0] AndroidManifest.xml:25:13-94
164            android:enabled="true"
164-->[androidx.credentials:credentials-play-services-auth:1.5.0] AndroidManifest.xml:26:13-35
165            android:exported="false" >
165-->[androidx.credentials:credentials-play-services-auth:1.5.0] AndroidManifest.xml:27:13-37
166            <meta-data
166-->[androidx.credentials:credentials-play-services-auth:1.5.0] AndroidManifest.xml:29:13-31:104
167                android:name="androidx.credentials.CREDENTIAL_PROVIDER_KEY"
167-->[androidx.credentials:credentials-play-services-auth:1.5.0] AndroidManifest.xml:30:17-76
168                android:value="androidx.credentials.playservices.CredentialProviderPlayServicesImpl" />
168-->[androidx.credentials:credentials-play-services-auth:1.5.0] AndroidManifest.xml:31:17-101
169        </service>
170
171        <activity
171-->[androidx.credentials:credentials-play-services-auth:1.5.0] AndroidManifest.xml:34:9-41:20
172            android:name="androidx.credentials.playservices.HiddenActivity"
172-->[androidx.credentials:credentials-play-services-auth:1.5.0] AndroidManifest.xml:35:13-76
173            android:configChanges="orientation|screenSize|screenLayout|keyboardHidden"
173-->[androidx.credentials:credentials-play-services-auth:1.5.0] AndroidManifest.xml:36:13-87
174            android:enabled="true"
174-->[androidx.credentials:credentials-play-services-auth:1.5.0] AndroidManifest.xml:37:13-35
175            android:exported="false"
175-->[androidx.credentials:credentials-play-services-auth:1.5.0] AndroidManifest.xml:38:13-37
176            android:fitsSystemWindows="true"
176-->[androidx.credentials:credentials-play-services-auth:1.5.0] AndroidManifest.xml:39:13-45
177            android:theme="@style/Theme.Hidden" >
177-->[androidx.credentials:credentials-play-services-auth:1.5.0] AndroidManifest.xml:40:13-48
178        </activity>
179        <activity
179-->[androidx.credentials:credentials-play-services-auth:1.5.0] AndroidManifest.xml:42:9-49:20
180            android:name="androidx.credentials.playservices.IdentityCredentialApiHiddenActivity"
180-->[androidx.credentials:credentials-play-services-auth:1.5.0] AndroidManifest.xml:43:13-97
181            android:configChanges="orientation|screenSize|screenLayout|keyboardHidden"
181-->[androidx.credentials:credentials-play-services-auth:1.5.0] AndroidManifest.xml:44:13-87
182            android:enabled="true"
182-->[androidx.credentials:credentials-play-services-auth:1.5.0] AndroidManifest.xml:45:13-35
183            android:exported="false"
183-->[androidx.credentials:credentials-play-services-auth:1.5.0] AndroidManifest.xml:46:13-37
184            android:fitsSystemWindows="true"
184-->[androidx.credentials:credentials-play-services-auth:1.5.0] AndroidManifest.xml:47:13-45
185            android:theme="@style/Theme.Hidden" >
185-->[androidx.credentials:credentials-play-services-auth:1.5.0] AndroidManifest.xml:48:13-48
186        </activity>
187
188        <provider
188-->[:image_picker_android] AndroidManifest.xml:9:9-17:20
189            android:name="io.flutter.plugins.imagepicker.ImagePickerFileProvider"
189-->[:image_picker_android] AndroidManifest.xml:10:13-82
190            android:authorities="com.example.pokemon_ui.flutter.image_provider"
190-->[:image_picker_android] AndroidManifest.xml:11:13-74
191            android:exported="false"
191-->[:image_picker_android] AndroidManifest.xml:12:13-37
192            android:grantUriPermissions="true" >
192-->[:image_picker_android] AndroidManifest.xml:13:13-47
193            <meta-data
193-->[:image_picker_android] AndroidManifest.xml:14:13-16:75
194                android:name="android.support.FILE_PROVIDER_PATHS"
194-->[:image_picker_android] AndroidManifest.xml:15:17-67
195                android:resource="@xml/flutter_image_picker_file_paths" />
195-->[:image_picker_android] AndroidManifest.xml:16:17-72
196        </provider> <!-- Trigger Google Play services to install the backported photo picker module. -->
197        <service
197-->[:image_picker_android] AndroidManifest.xml:19:9-31:19
198            android:name="com.google.android.gms.metadata.ModuleDependencies"
198-->[:image_picker_android] AndroidManifest.xml:20:13-78
199            android:enabled="false"
199-->[:image_picker_android] AndroidManifest.xml:21:13-36
200            android:exported="false" >
200-->[:image_picker_android] AndroidManifest.xml:22:13-37
201            <intent-filter>
201-->[:image_picker_android] AndroidManifest.xml:24:13-26:29
202                <action android:name="com.google.android.gms.metadata.MODULE_DEPENDENCIES" />
202-->[:image_picker_android] AndroidManifest.xml:25:17-94
202-->[:image_picker_android] AndroidManifest.xml:25:25-91
203            </intent-filter>
204
205            <meta-data
205-->[:image_picker_android] AndroidManifest.xml:28:13-30:36
206                android:name="photopicker_activity:0:required"
206-->[:image_picker_android] AndroidManifest.xml:29:17-63
207                android:value="" />
207-->[:image_picker_android] AndroidManifest.xml:30:17-33
208        </service>
209
210        <activity
210-->[com.google.android.gms:play-services-auth:21.3.0] AndroidManifest.xml:23:9-27:75
211            android:name="com.google.android.gms.auth.api.signin.internal.SignInHubActivity"
211-->[com.google.android.gms:play-services-auth:21.3.0] AndroidManifest.xml:24:13-93
212            android:excludeFromRecents="true"
212-->[com.google.android.gms:play-services-auth:21.3.0] AndroidManifest.xml:25:13-46
213            android:exported="false"
213-->[com.google.android.gms:play-services-auth:21.3.0] AndroidManifest.xml:26:13-37
214            android:theme="@android:style/Theme.Translucent.NoTitleBar" />
214-->[com.google.android.gms:play-services-auth:21.3.0] AndroidManifest.xml:27:13-72
215        <!--
216            Service handling Google Sign-In user revocation. For apps that do not integrate with
217            Google Sign-In, this service will never be started.
218        -->
219        <service
219-->[com.google.android.gms:play-services-auth:21.3.0] AndroidManifest.xml:33:9-37:51
220            android:name="com.google.android.gms.auth.api.signin.RevocationBoundService"
220-->[com.google.android.gms:play-services-auth:21.3.0] AndroidManifest.xml:34:13-89
221            android:exported="true"
221-->[com.google.android.gms:play-services-auth:21.3.0] AndroidManifest.xml:35:13-36
222            android:permission="com.google.android.gms.auth.api.signin.permission.REVOCATION_NOTIFICATION"
222-->[com.google.android.gms:play-services-auth:21.3.0] AndroidManifest.xml:36:13-107
223            android:visibleToInstantApps="true" />
223-->[com.google.android.gms:play-services-auth:21.3.0] AndroidManifest.xml:37:13-48
224
225        <activity
225-->[com.google.android.gms:play-services-base:18.5.0] AndroidManifest.xml:5:9-173
226            android:name="com.google.android.gms.common.api.GoogleApiActivity"
226-->[com.google.android.gms:play-services-base:18.5.0] AndroidManifest.xml:5:19-85
227            android:exported="false"
227-->[com.google.android.gms:play-services-base:18.5.0] AndroidManifest.xml:5:146-170
228            android:theme="@android:style/Theme.Translucent.NoTitleBar" />
228-->[com.google.android.gms:play-services-base:18.5.0] AndroidManifest.xml:5:86-145
229
230        <provider
230-->[com.google.firebase:firebase-common:22.0.0] AndroidManifest.xml:23:9-28:39
231            android:name="com.google.firebase.provider.FirebaseInitProvider"
231-->[com.google.firebase:firebase-common:22.0.0] AndroidManifest.xml:24:13-77
232            android:authorities="com.example.pokemon_ui.firebaseinitprovider"
232-->[com.google.firebase:firebase-common:22.0.0] AndroidManifest.xml:25:13-72
233            android:directBootAware="true"
233-->[com.google.firebase:firebase-common:22.0.0] AndroidManifest.xml:26:13-43
234            android:exported="false"
234-->[com.google.firebase:firebase-common:22.0.0] AndroidManifest.xml:27:13-37
235            android:initOrder="100" />
235-->[com.google.firebase:firebase-common:22.0.0] AndroidManifest.xml:28:13-36
236
237        <uses-library
237-->[androidx.window:window:1.2.0] AndroidManifest.xml:23:9-25:40
238            android:name="androidx.window.extensions"
238-->[androidx.window:window:1.2.0] AndroidManifest.xml:24:13-54
239            android:required="false" />
239-->[androidx.window:window:1.2.0] AndroidManifest.xml:25:13-37
240        <uses-library
240-->[androidx.window:window:1.2.0] AndroidManifest.xml:26:9-28:40
241            android:name="androidx.window.sidecar"
241-->[androidx.window:window:1.2.0] AndroidManifest.xml:27:13-51
242            android:required="false" />
242-->[androidx.window:window:1.2.0] AndroidManifest.xml:28:13-37
243
244        <provider
244-->[androidx.lifecycle:lifecycle-process:2.7.0] AndroidManifest.xml:24:9-32:20
245            android:name="androidx.startup.InitializationProvider"
245-->[androidx.lifecycle:lifecycle-process:2.7.0] AndroidManifest.xml:25:13-67
246            android:authorities="com.example.pokemon_ui.androidx-startup"
246-->[androidx.lifecycle:lifecycle-process:2.7.0] AndroidManifest.xml:26:13-68
247            android:exported="false" >
247-->[androidx.lifecycle:lifecycle-process:2.7.0] AndroidManifest.xml:27:13-37
248            <meta-data
248-->[androidx.lifecycle:lifecycle-process:2.7.0] AndroidManifest.xml:29:13-31:52
249                android:name="androidx.lifecycle.ProcessLifecycleInitializer"
249-->[androidx.lifecycle:lifecycle-process:2.7.0] AndroidManifest.xml:30:17-78
250                android:value="androidx.startup" />
250-->[androidx.lifecycle:lifecycle-process:2.7.0] AndroidManifest.xml:31:17-49
251            <meta-data
251-->[androidx.profileinstaller:profileinstaller:1.4.0] AndroidManifest.xml:29:13-31:52
252                android:name="androidx.profileinstaller.ProfileInstallerInitializer"
252-->[androidx.profileinstaller:profileinstaller:1.4.0] AndroidManifest.xml:30:17-85
253                android:value="androidx.startup" />
253-->[androidx.profileinstaller:profileinstaller:1.4.0] AndroidManifest.xml:31:17-49
254        </provider>
255
256        <meta-data
256-->[com.google.android.gms:play-services-basement:18.4.0] AndroidManifest.xml:6:9-122
257            android:name="com.google.android.gms.version"
257-->[com.google.android.gms:play-services-basement:18.4.0] AndroidManifest.xml:6:20-65
258            android:value="@integer/google_play_services_version" />
258-->[com.google.android.gms:play-services-basement:18.4.0] AndroidManifest.xml:6:66-119
259
260        <receiver
260-->[androidx.profileinstaller:profileinstaller:1.4.0] AndroidManifest.xml:34:9-52:20
261            android:name="androidx.profileinstaller.ProfileInstallReceiver"
261-->[androidx.profileinstaller:profileinstaller:1.4.0] AndroidManifest.xml:35:13-76
262            android:directBootAware="false"
262-->[androidx.profileinstaller:profileinstaller:1.4.0] AndroidManifest.xml:36:13-44
263            android:enabled="true"
263-->[androidx.profileinstaller:profileinstaller:1.4.0] AndroidManifest.xml:37:13-35
264            android:exported="true"
264-->[androidx.profileinstaller:profileinstaller:1.4.0] AndroidManifest.xml:38:13-36
265            android:permission="android.permission.DUMP" >
265-->[androidx.profileinstaller:profileinstaller:1.4.0] AndroidManifest.xml:39:13-57
266            <intent-filter>
266-->[androidx.profileinstaller:profileinstaller:1.4.0] AndroidManifest.xml:40:13-42:29
267                <action android:name="androidx.profileinstaller.action.INSTALL_PROFILE" />
267-->[androidx.profileinstaller:profileinstaller:1.4.0] AndroidManifest.xml:41:17-91
267-->[androidx.profileinstaller:profileinstaller:1.4.0] AndroidManifest.xml:41:25-88
268            </intent-filter>
269            <intent-filter>
269-->[androidx.profileinstaller:profileinstaller:1.4.0] AndroidManifest.xml:43:13-45:29
270                <action android:name="androidx.profileinstaller.action.SKIP_FILE" />
270-->[androidx.profileinstaller:profileinstaller:1.4.0] AndroidManifest.xml:44:17-85
270-->[androidx.profileinstaller:profileinstaller:1.4.0] AndroidManifest.xml:44:25-82
271            </intent-filter>
272            <intent-filter>
272-->[androidx.profileinstaller:profileinstaller:1.4.0] AndroidManifest.xml:46:13-48:29
273                <action android:name="androidx.profileinstaller.action.SAVE_PROFILE" />
273-->[androidx.profileinstaller:profileinstaller:1.4.0] AndroidManifest.xml:47:17-88
273-->[androidx.profileinstaller:profileinstaller:1.4.0] AndroidManifest.xml:47:25-85
274            </intent-filter>
275            <intent-filter>
275-->[androidx.profileinstaller:profileinstaller:1.4.0] AndroidManifest.xml:49:13-51:29
276                <action android:name="androidx.profileinstaller.action.BENCHMARK_OPERATION" />
276-->[androidx.profileinstaller:profileinstaller:1.4.0] AndroidManifest.xml:50:17-95
276-->[androidx.profileinstaller:profileinstaller:1.4.0] AndroidManifest.xml:50:25-92
277            </intent-filter>
278        </receiver> <!-- The activities will be merged into the manifest of the hosting app. -->
279        <activity
279-->[com.google.android.play:core-common:2.0.3] AndroidManifest.xml:14:9-18:65
280            android:name="com.google.android.play.core.common.PlayCoreDialogWrapperActivity"
280-->[com.google.android.play:core-common:2.0.3] AndroidManifest.xml:15:13-93
281            android:exported="false"
281-->[com.google.android.play:core-common:2.0.3] AndroidManifest.xml:16:13-37
282            android:stateNotNeeded="true"
282-->[com.google.android.play:core-common:2.0.3] AndroidManifest.xml:17:13-42
283            android:theme="@style/Theme.PlayCore.Transparent" />
283-->[com.google.android.play:core-common:2.0.3] AndroidManifest.xml:18:13-62
284    </application>
285
286</manifest>